<?xml version="1.0" encoding="UTF-8"?>
<testng-results skipped="0" failed="0" total="1" passed="1">
  <reporter-output>
    <line>
      <![CDATA[START TEST : init]]>
    </line>
    <line>
      <![CDATA[END TEST : init]]>
    </line>
    <line>
      <![CDATA[START TEST : verify_google]]>
    </line>
    <line>
      <![CDATA[END TEST : verify_google]]>
    </line>
    <line>
      <![CDATA[START TEST : closeDriverObjects]]>
    </line>
    <line>
      <![CDATA[END TEST : closeDriverObjects]]>
    </line>
  </reporter-output>
  <suite name="Surefire suite" duration-ms="6773" started-at="2020-11-20T09:33:24Z" finished-at="2020-11-20T09:33:31Z">
    <groups>
      <group name="smoke">
        <method signature="NotificationPageTESTS.verify_google()[pri:0, instance:com.sapience.automation.suites.NotificationPageTESTS@396a51ab]" name="verify_google" class="com.sapience.automation.suites.NotificationPageTESTS"/>
      </group> <!-- smoke -->
    </groups>
    <test name="Surefire test" duration-ms="6773" started-at="2020-11-20T09:33:24Z" finished-at="2020-11-20T09:33:31Z">
      <class name="com.sapience.automation.suites.NotificationPageTESTS">
        <test-method status="PASS" signature="init()[pri:0, instance:com.sapience.automation.suites.NotificationPageTESTS@396a51ab]" name="init" is-config="true" duration-ms="16" started-at="2020-11-20T15:03:24Z" finished-at="2020-11-20T15:03:24Z">
          <reporter-output>
            <line>
              <![CDATA[END TEST : init]]>
            </line>
          </reporter-output>
        </test-method> <!-- init -->
        <test-method status="PASS" signature="verify_google()[pri:0, instance:com.sapience.automation.suites.NotificationPageTESTS@396a51ab]" name="verify_google" duration-ms="6755" started-at="2020-11-20T15:03:24Z" description="TC25245" finished-at="2020-11-20T15:03:31Z">
          <reporter-output>
            <line>
              <![CDATA[END TEST : verify_google]]>
            </line>
          </reporter-output>
        </test-method> <!-- verify_google -->
        <test-method status="PASS" signature="closeDriverObjects()[pri:0, instance:com.sapience.automation.suites.NotificationPageTESTS@396a51ab]" name="closeDriverObjects" is-config="true" duration-ms="617" started-at="2020-11-20T15:03:31Z" finished-at="2020-11-20T15:03:32Z">
          <reporter-output>
            <line>
              <![CDATA[END TEST : closeDriverObjects]]>
            </line>
          </reporter-output>
        </test-method> <!-- closeDriverObjects -->
      </class> <!-- com.sapience.automation.suites.NotificationPageTESTS -->
    </test> <!-- Surefire test -->
  </suite> <!-- Surefire suite -->
</testng-results>
